<?xml version="1.0" encoding="UTF-8"?>
<!-- Generated by org.testng.reporters.JUnitReportReporter -->
<testsuite hostname="DESKTOP-NODQ5R4" failures="0" tests="1" name="com.Clickbuzz.tests.LoginPageTest" time="46.680" errors="0" timestamp="2023-11-10T13:59:55 IST" skipped="0">
  <testcase classname="com.Clickbuzz.tests.LoginPageTest" name="varifyLogin" time="46.680"/>
  <system-out/>
</testsuite> <!-- com.Clickbuzz.tests.LoginPageTest -->
